

================================================================
== Vitis HLS Report for 'fir'
================================================================
* Date:           Mon May 16 19:15:59 2022

* Version:        2020.2 (Build 3064766 on Wed Nov 18 09:12:45 MST 2020)
* Project:        Transpose_FIR
* Solution:       solution1 (Vivado IP Flow Target)
* Product family: artix7
* Target device:  xc7a35t-cpg236-1


================================================================
== Performance Estimates
================================================================
+ Timing: 
    * Summary: 
    +--------+----------+----------+------------+
    |  Clock |  Target  | Estimated| Uncertainty|
    +--------+----------+----------+------------+
    |ap_clk  |  10.00 ns|  6.860 ns|     2.70 ns|
    +--------+----------+----------+------------+

+ Latency: 
    * Summary: 
    +---------+---------+-----------+-----------+-----+-----+---------+
    |  Latency (cycles) |   Latency (absolute)  |  Interval | Pipeline|
    |   min   |   max   |    min    |    max    | min | max |   Type  |
    +---------+---------+-----------+-----------+-----+-----+---------+
    |        2|        2|  20.000 ns|  20.000 ns|    1|    1|      yes|
    +---------+---------+-----------+-----------+-----+-----+---------+

    + Detail: 
        * Instance: 
        N/A

        * Loop: 
        N/A



================================================================
== Utilization Estimates
================================================================
* Summary: 
+-----------------+---------+----+-------+-------+-----+
|       Name      | BRAM_18K| DSP|   FF  |  LUT  | URAM|
+-----------------+---------+----+-------+-------+-----+
|DSP              |        -|   -|      -|      -|    -|
|Expression       |        -|   -|      0|    743|    -|
|FIFO             |        -|   -|      -|      -|    -|
|Instance         |        -|   0|    660|    200|    -|
|Memory           |        -|   -|      -|      -|    -|
|Multiplexer      |        -|   -|      -|      -|    -|
|Register         |        -|   -|    675|      -|    -|
+-----------------+---------+----+-------+-------+-----+
|Total            |        0|   0|   1335|    943|    0|
+-----------------+---------+----+-------+-------+-----+
|Available        |      100|  90|  41600|  20800|    0|
+-----------------+---------+----+-------+-------+-----+
|Utilization (%)  |        0|   0|      3|      4|    0|
+-----------------+---------+----+-------+-------+-----+

+ Detail: 
    * Instance: 
    +-----------------------+--------------------+---------+----+-----+----+-----+
    |        Instance       |       Module       | BRAM_18K| DSP|  FF | LUT| URAM|
    +-----------------------+--------------------+---------+----+-----+----+-----+
    |mul_32s_5ns_32_2_1_U1  |mul_32s_5ns_32_2_1  |        0|   0|  165|  50|    0|
    |mul_32s_8ns_32_2_1_U2  |mul_32s_8ns_32_2_1  |        0|   0|  165|  50|    0|
    |mul_32s_9ns_32_2_1_U3  |mul_32s_9ns_32_2_1  |        0|   0|  165|  50|    0|
    |mul_32s_9ns_32_2_1_U4  |mul_32s_9ns_32_2_1  |        0|   0|  165|  50|    0|
    +-----------------------+--------------------+---------+----+-----+----+-----+
    |Total                  |                    |        0|   0|  660| 200|    0|
    +-----------------------+--------------------+---------+----+-----+----+-----+

    * DSP: 
    N/A

    * Memory: 
    N/A

    * FIFO: 
    N/A

    * Expression: 
    +-----------------------+----------+----+---+----+------------+------------+
    |     Variable Name     | Operation| DSP| FF| LUT| Bitwidth P0| Bitwidth P1|
    +-----------------------+----------+----+---+----+------------+------------+
    |add_ln26_10_fu_341_p2  |         +|   0|  0|  39|          32|          32|
    |add_ln26_11_fu_356_p2  |         +|   0|  0|  39|          32|          32|
    |add_ln26_12_fu_372_p2  |         +|   0|  0|  39|          32|          32|
    |add_ln26_13_fu_387_p2  |         +|   0|  0|  39|          32|          32|
    |add_ln26_14_fu_403_p2  |         +|   0|  0|  39|          32|          32|
    |add_ln26_15_fu_222_p2  |         +|   0|  0|  39|          32|          32|
    |add_ln26_1_fu_153_p2   |         +|   0|  0|  39|          32|          32|
    |add_ln26_2_fu_185_p2   |         +|   0|  0|  39|          32|          32|
    |add_ln26_3_fu_201_p2   |         +|   0|  0|  39|          32|          32|
    |add_ln26_4_fu_232_p2   |         +|   0|  0|  39|          32|          32|
    |add_ln26_5_fu_248_p2   |         +|   0|  0|  39|          32|          32|
    |add_ln26_6_fu_263_p2   |         +|   0|  0|  39|          32|          32|
    |add_ln26_7_fu_294_p2   |         +|   0|  0|  39|          32|          32|
    |add_ln26_8_fu_310_p2   |         +|   0|  0|  39|          32|          32|
    |add_ln26_9_fu_326_p2   |         +|   0|  0|  39|          32|          32|
    |out_r                  |         +|   0|  0|  39|          32|          32|
    |sub_ln26_1_fu_175_p2   |         -|   0|  0|  39|          32|          32|
    |sub_ln26_2_fu_284_p2   |         -|   0|  0|  39|          32|          32|
    |sub_ln26_fu_143_p2     |         -|   0|  0|  39|          32|          32|
    |ap_enable_pp0          |       xor|   0|  0|   2|           1|           2|
    +-----------------------+----------+----+---+----+------------+------------+
    |Total                  |          |   0|  0| 743|         609|         610|
    +-----------------------+----------+----+---+----+------------+------------+

    * Multiplexer: 
    N/A

    * Register: 
    +-------------------------------+----+----+-----+-----------+
    |              Name             | FF | LUT| Bits| Const Bits|
    +-------------------------------+----+----+-----+-----------+
    |Acc1_0                         |  32|   0|   32|          0|
    |Acc1_1                         |  32|   0|   32|          0|
    |Acc1_10                        |  32|   0|   32|          0|
    |Acc1_11                        |  32|   0|   32|          0|
    |Acc1_12                        |  32|   0|   32|          0|
    |Acc1_13                        |  32|   0|   32|          0|
    |Acc1_14                        |  32|   0|   32|          0|
    |Acc1_2                         |  32|   0|   32|          0|
    |Acc1_3                         |  32|   0|   32|          0|
    |Acc1_4                         |  32|   0|   32|          0|
    |Acc1_5                         |  32|   0|   32|          0|
    |Acc1_6                         |  32|   0|   32|          0|
    |Acc1_7                         |  32|   0|   32|          0|
    |Acc1_8                         |  32|   0|   32|          0|
    |Acc1_9                         |  32|   0|   32|          0|
    |ap_CS_fsm                      |   1|   0|    1|          0|
    |ap_enable_reg_pp0_iter1        |   1|   0|    1|          0|
    |ap_enable_reg_pp0_iter2        |   1|   0|    1|          0|
    |in_read_reg_420                |  32|   0|   32|          0|
    |in_read_reg_420_pp0_iter1_reg  |  32|   0|   32|          0|
    |mul_ln26_1_reg_442             |  32|   0|   32|          0|
    |mul_ln26_2_reg_448             |  32|   0|   32|          0|
    |mul_ln26_3_reg_454             |  32|   0|   32|          0|
    |mul_ln26_reg_436               |  32|   0|   32|          0|
    +-------------------------------+----+----+-----+-----------+
    |Total                          | 675|   0|  675|          0|
    +-------------------------------+----+----+-----+-----------+



================================================================
== Interface
================================================================
* Summary: 
+--------------+-----+-----+------------+--------------+--------------+
|   RTL Ports  | Dir | Bits|  Protocol  | Source Object|    C Type    |
+--------------+-----+-----+------------+--------------+--------------+
|ap_clk        |   in|    1|  ap_ctrl_hs|           fir|  return value|
|ap_rst        |   in|    1|  ap_ctrl_hs|           fir|  return value|
|ap_start      |   in|    1|  ap_ctrl_hs|           fir|  return value|
|ap_done       |  out|    1|  ap_ctrl_hs|           fir|  return value|
|ap_idle       |  out|    1|  ap_ctrl_hs|           fir|  return value|
|ap_ready      |  out|    1|  ap_ctrl_hs|           fir|  return value|
|in_r          |   in|   32|     ap_none|          in_r|        scalar|
|out_r         |  out|   32|      ap_vld|         out_r|       pointer|
|out_r_ap_vld  |  out|    1|      ap_vld|         out_r|       pointer|
+--------------+-----+-----+------------+--------------+--------------+

