INFO: [HLS 200-10] Running 'C:/Xilinx/Vitis_HLS/2020.2/bin/unwrapped/win64.o/vitis_hls.exe'
INFO: [HLS 200-10] For user 'bsksh' on host 'desktop-fdtsdm6' (Windows NT_amd64 version 6.2) on Mon May 16 17:54:28 +0530 2022
INFO: [HLS 200-10] In directory 'C:/Users/bsksh/Documents/Vitis/transpose_fir_basic'
Sourcing Tcl script 'C:/Users/bsksh/Documents/Vitis/transpose_fir_basic/basic/solution1/csynth.tcl'
INFO: [HLS 200-1510] Running: open_project basic 
INFO: [HLS 200-10] Opening project 'C:/Users/bsksh/Documents/Vitis/transpose_fir_basic/basic'.
INFO: [HLS 200-1510] Running: set_top fir 
INFO: [HLS 200-1510] Running: add_files fir.cpp 
INFO: [HLS 200-10] Adding design file 'fir.cpp' to the project
INFO: [HLS 200-1510] Running: add_files -tb 1Dinput.dat -cflags -Wno-unknown-pragmas -csimflags -Wno-unknown-pragmas 
INFO: [HLS 200-10] Adding test bench file '1Dinput.dat' to the project
INFO: [HLS 200-1510] Running: add_files -tb 1Dkernel.dat -cflags -Wno-unknown-pragmas -csimflags -Wno-unknown-pragmas 
INFO: [HLS 200-10] Adding test bench file '1Dkernel.dat' to the project
INFO: [HLS 200-1510] Running: add_files -tb 1Doutputgolden.dat -cflags -Wno-unknown-pragmas -csimflags -Wno-unknown-pragmas 
INFO: [HLS 200-10] Adding test bench file '1Doutputgolden.dat' to the project
INFO: [HLS 200-1510] Running: add_files -tb fir_test.cpp -cflags -Wno-unknown-pragmas -csimflags -Wno-unknown-pragmas 
INFO: [HLS 200-10] Adding test bench file 'fir_test.cpp' to the project
INFO: [HLS 200-1510] Running: open_solution solution1 -flow_target vivado 
INFO: [HLS 200-10] Opening solution 'C:/Users/bsksh/Documents/Vitis/transpose_fir_basic/basic/solution1'.
INFO: [SYN 201-201] Setting up clock 'default' with a period of 10ns.
INFO: [HLS 200-10] Setting target device to 'xc7a35t-cpg236-1'
INFO: [HLS 200-1505] Using flow_target 'vivado'
Resolution: For help on HLS 200-1505 see www.xilinx.com/cgi-bin/docs/rdoc?v=2020.2;t=hls+guidance;d=200-1505.html
INFO: [HLS 200-1510] Running: set_part xc7a35tcpg236-1 
INFO: [HLS 200-1510] Running: create_clock -period 10 -name default 
INFO: [HLS 200-1510] Running: set_directive_top -name fir fir 
INFO: [HLS 200-1510] Running: csynth_design 
INFO: [HLS 200-111] Finished File checks and directory preparation: CPU user time: 0 seconds. CPU system time: 0 seconds. Elapsed time: 0.291 seconds; current allocated memory: 97.615 MB.
INFO: [HLS 200-10] Analyzing design file 'fir.cpp' ... 
INFO: [HLS 200-111] Finished Source Code Analysis and Preprocessing: CPU user time: 0 seconds. CPU system time: 0 seconds. Elapsed time: 5.848 seconds; current allocated memory: 97.891 MB.
INFO: [HLS 200-777] Using interface defaults for 'Vivado' flow target.
WARNING: [HLS 214-167] The program may have out of bound array access (fir.cpp:22:9)
WARNING: [HLS 214-167] The program may have out of bound array access (fir.cpp:23:9)
INFO: [HLS 200-111] Finished Compiling Optimization and Transform: CPU user time: 0 seconds. CPU system time: 0 seconds. Elapsed time: 7.855 seconds; current allocated memory: 100.128 MB.
INFO: [HLS 200-111] Finished Checking Pragmas: CPU user time: 0 seconds. CPU system time: 0 seconds. Elapsed time: 0.021 seconds; current allocated memory: 100.129 MB.
INFO: [HLS 200-10] Starting code transformations ...
INFO: [HLS 200-111] Finished Standard Transforms: CPU user time: 0 seconds. CPU system time: 0 seconds. Elapsed time: 0.413 seconds; current allocated memory: 101.290 MB.
INFO: [HLS 200-10] Checking synthesizability ...
INFO: [HLS 200-111] Finished Checking Synthesizability: CPU user time: 0 seconds. CPU system time: 0 seconds. Elapsed time: 0.101 seconds; current allocated memory: 100.519 MB.
WARNING: [HLS 200-915] Ignore complete array partition directive on 'Acc'  in dimension 1: conflict with resource constraint assignment.
INFO: [HLS 200-111] Finished Loop, function and other optimizations: CPU user time: 1 seconds. CPU system time: 0 seconds. Elapsed time: 0.163 seconds; current allocated memory: 120.844 MB.
INFO: [HLS 200-472] Inferring partial write operation for 'Acc' (fir.cpp:20:9)
INFO: [HLS 200-472] Inferring partial write operation for 'Acc' (fir.cpp:22:9)
INFO: [HLS 200-111] Finished Architecture Synthesis: CPU user time: 0 seconds. CPU system time: 0 seconds. Elapsed time: 0.129 seconds; current allocated memory: 112.984 MB.
INFO: [HLS 200-10] Starting hardware synthesis ...
INFO: [HLS 200-10] Synthesizing 'fir' ...
WARNING: [SYN 201-107] Renaming port name 'fir/in' to 'fir/in_r' to avoid the conflict with HDL keywords or other object names.
WARNING: [SYN 201-107] Renaming port name 'fir/out' to 'fir/out_r' to avoid the conflict with HDL keywords or other object names.
INFO: [HLS 200-10] ----------------------------------------------------------------
INFO: [HLS 200-42] -- Implementing module 'fir' 
INFO: [HLS 200-10] ----------------------------------------------------------------
INFO: [SCHED 204-11] Starting scheduling ...
INFO: [SCHED 204-61] Pipelining loop 'broadcast_loop'.
INFO: [HLS 200-1470] Pipelining result : Target II = 2, Final II = 2, Depth = 5, loop 'broadcast_loop'
INFO: [SCHED 204-11] Finished scheduling.
INFO: [HLS 200-111] Finished Scheduling: CPU user time: 0 seconds. CPU system time: 0 seconds. Elapsed time: 0.282 seconds; current allocated memory: 113.316 MB.
INFO: [BIND 205-100] Starting micro-architecture generation ...
INFO: [BIND 205-101] Performing variable lifetime analysis.
INFO: [BIND 205-101] Exploring resource sharing.
INFO: [BIND 205-101] Binding ...
INFO: [BIND 205-100] Finished micro-architecture generation.
INFO: [HLS 200-111] Finished Binding: CPU user time: 0 seconds. CPU system time: 0 seconds. Elapsed time: 0.223 seconds; current allocated memory: 113.475 MB.
INFO: [HLS 200-10] ----------------------------------------------------------------
INFO: [HLS 200-10] -- Generating RTL for module 'fir' 
INFO: [HLS 200-10] ----------------------------------------------------------------
INFO: [RTGEN 206-500] Setting interface mode on port 'fir/in_r' to 'ap_none'.
INFO: [RTGEN 206-500] Setting interface mode on port 'fir/out_r' to 'ap_vld'.
INFO: [RTGEN 206-500] Setting interface mode on function 'fir' to 'ap_ctrl_hs'.
WARNING: [RTGEN 206-101] Global array 'fir_int_int_w' will not be exposed as RTL port.
INFO: [RTGEN 206-100] Generating core module 'mul_10s_32s_32_2_1': 1 instance(s).
INFO: [RTGEN 206-100] Generating core module 'mul_32s_5ns_32_2_1': 1 instance(s).
INFO: [RTGEN 206-100] Finished creating RTL model for 'fir'.
INFO: [HLS 200-111] Finished Creating RTL model: CPU user time: 0 seconds. CPU system time: 0 seconds. Elapsed time: 0.124 seconds; current allocated memory: 113.926 MB.
INFO: [RTMG 210-282] Generating pipelined core: 'fir_mul_10s_32s_32_2_1_Multiplier_0'
INFO: [RTMG 210-282] Generating pipelined core: 'fir_mul_32s_5ns_32_2_1_Multiplier_1'
INFO: [RTMG 210-279] Implementing memory 'fir_fir_int_int_w_rom' using auto ROMs.
INFO: [RTMG 210-278] Implementing memory 'fir_Acc_ram (RAM_T2P_BRAM)' using block RAMs with power-on initialization.
INFO: [HLS 200-111] Finished Generating all RTL models: CPU user time: 1 seconds. CPU system time: 1 seconds. Elapsed time: 2.415 seconds; current allocated memory: 120.832 MB.
INFO: [VHDL 208-304] Generating VHDL RTL for fir.
INFO: [VLOG 209-307] Generating Verilog RTL for fir.
INFO: [HLS 200-790] **** Loop Constraint Status: All loop constraints were satisfied.
INFO: [HLS 200-789] **** Estimated Fmax: 145.77 MHz
INFO: [HLS 200-111] Finished Command csynth_design CPU user time: 2 seconds. CPU system time: 1 seconds. Elapsed time: 18.047 seconds; current allocated memory: 120.948 MB.
INFO: [HLS 200-112] Total CPU user time: 5 seconds. Total CPU system time: 3 seconds. Total elapsed time: 32.828 seconds; peak allocated memory: 120.844 MB.
